4312|4434|PmaCI|CACGTG
18779|18779|END|END
9255|9442|BtrI|CACGTC
12971|13181|BtrI|CACGTC
18779|18779|END|END
6069|6232|HgiCI|GGYRCC
11126|11328|HgiCI|GGYRCC
18779|18779|END|END
16121|16501|SmaI|CCCGGG
18779|18779|END|END
6018|6181|PstI|CTGCAG
12268|12478|PstI|CTGCAG
18779|18779|END|END
11386|11588|PshAI|GACNNNNGTC
18779|18779|END|END
11126|11328|DinI|GGCGCC
18779|18779|END|END
11126|11328|NarI|GGCGCC
18779|18779|END|END
5078|5222|CsiI|ACCWGGT
18779|18779|END|END
11126|11328|KasI|GGCGCC
18779|18779|END|END
5967|6130|AlfI|GCANNNNNNTGC
5967|6130|AlfI|GCANNNNNNTGC
18779|18779|END|END
